[debug] [2023-04-20T13:44:25.879Z] ----------------------------------------------------------------------
[debug] [2023-04-20T13:44:25.883Z] Command:       C:\Program Files\nodejs\node.exe C:\Users\hp\AppData\Roaming\npm\node_modules\firebase-tools\lib\bin\firebase.js init
[debug] [2023-04-20T13:44:25.884Z] CLI Version:   11.27.0
[debug] [2023-04-20T13:44:25.884Z] Platform:      win32
[debug] [2023-04-20T13:44:25.884Z] Node Version:  v16.17.0
[debug] [2023-04-20T13:44:25.886Z] Time:          Thu Apr 20 2023 14:44:25 GMT+0100 (West Africa Standard Time)
[debug] [2023-04-20T13:44:25.887Z] ----------------------------------------------------------------------
[debug] 
[debug] [2023-04-20T13:44:25.903Z] > command requires scopes: ["email","openid","https://www.googleapis.com/auth/cloudplatformprojects.readonly","https://www.googleapis.com/auth/firebase","https://www.googleapis.com/auth/cloud-platform"]
[debug] [2023-04-20T13:44:25.904Z] > authorizing via signed-in user (thobeeee@gmail.com)
[info] 
     ######## #### ########  ######## ########     ###     ######  ########
     ##        ##  ##     ## ##       ##     ##  ##   ##  ##       ##
     ######    ##  ########  ######   ########  #########  ######  ######
     ##        ##  ##    ##  ##       ##     ## ##     ##       ## ##
     ##       #### ##     ## ######## ########  ##     ##  ######  ########

You're about to initialize a Firebase project in this directory:

  C:\Users\hp\Desktop\React Projects\firebase-react

[info] 
=== Project Setup
[info] 
[info] First, let's associate this project directory with a Firebase project.
[info] You can create multiple project aliases by running firebase use --add, 
[info] but for now we'll just set up a default project.
[info] 
[debug] [2023-04-20T13:44:50.009Z] >>> [apiv2][query] GET https://firebase.googleapis.com/v1beta1/projects pageSize=100
[debug] [2023-04-20T13:44:51.118Z] <<< [apiv2][status] GET https://firebase.googleapis.com/v1beta1/projects 200
[debug] [2023-04-20T13:44:51.119Z] <<< [apiv2][body] GET https://firebase.googleapis.com/v1beta1/projects [omitted]
[info] i  Using project fir-react-course-798e7 (firebase-react course) 
[info] 
=== Hosting Setup
[info] 
[info] Your public directory is the folder (relative to your project directory) that
[info] will contain Hosting assets to be uploaded with firebase deploy. If you
[info] have a build process for your assets, use your build's output directory.
[info] 
[info] +  Wrote public/404.html 
[debug] [2023-04-20T13:47:07.806Z] >>> [apiv2][query] GET https://www.gstatic.com/firebasejs/releases.json [none]
[debug] [2023-04-20T13:47:08.069Z] <<< [apiv2][status] GET https://www.gstatic.com/firebasejs/releases.json 200
[debug] [2023-04-20T13:47:08.070Z] <<< [apiv2][body] GET https://www.gstatic.com/firebasejs/releases.json {"current":{"version":"9.20.0","browserURL":"https://www.gstatic.com/firebasejs/9.20.0/firebase.js","packageURL":"https://www.gstatic.com/firebasejs/9.20.0/firebase.tgz"},"live":{"version":"9.20","browserURL":"https://www.gstatic.com/firebasejs/live/9.20/firebase.js","packageURL":"https://www.gstatic.com/firebasejs/live/9.20/firebase.tgz"},"components":{"analytics":"https://www.gstatic.com/firebasejs/9.20.0/firebase-analytics.js","app":"https://www.gstatic.com/firebasejs/9.20.0/firebase-app.js","app-check":"https://www.gstatic.com/firebasejs/9.20.0/firebase-app-check.js","auth":"https://www.gstatic.com/firebasejs/9.20.0/firebase-auth.js","auth/cordova":"https://www.gstatic.com/firebasejs/9.20.0/firebase-auth/cordova.js","auth/react-native":"https://www.gstatic.com/firebasejs/9.20.0/firebase-auth/react-native.js","functions":"https://www.gstatic.com/firebasejs/9.20.0/firebase-functions.js","firestore":"https://www.gstatic.com/firebasejs/9.20.0/firebase-firestore.js","firestore/lite":"https://www.gstatic.com/firebasejs/9.20.0/firebase-firestore/lite.js","installations":"https://www.gstatic.com/firebasejs/9.20.0/firebase-installations.js","storage":"https://www.gstatic.com/firebasejs/9.20.0/firebase-storage.js","performance":"https://www.gstatic.com/firebasejs/9.20.0/firebase-performance.js","remote-config":"https://www.gstatic.com/firebasejs/9.20.0/firebase-remote-config.js","messaging":"https://www.gstatic.com/firebasejs/9.20.0/firebase-messaging.js","messaging/sw":"https://www.gstatic.com/firebasejs/9.20.0/firebase-messaging/sw.js","database":"https://www.gstatic.com/firebasejs/9.20.0/firebase-database.js","firestore.memory":"https://www.gstatic.com/firebasejs/9.20.0/firebase-firestore.memory.js"}}
[info] i  Skipping write of public/index.html 
[info] 
[info] i  Detected a .git folder at C:\Users\hp\Desktop\React Projects\firebase-react 
[info] i  Authorizing with GitHub to upload your service account to a GitHub repository's secrets store. 
[info] 
[info] Visit this URL on this device to log in:
[info] https://github.com/login/oauth/authorize?client_id=89cf50f02ac6aaed3484&state=419617749&redirect_uri=http%3A%2F%2Flocalhost%3A9005&scope=read%3Auser%20repo%20public_repo
[info] 
[info] Waiting for authentication...
[debug] [2023-04-20T13:49:16.861Z] >>> [apiv2][query] POST https://github.com/login/oauth/access_token [none]
[debug] [2023-04-20T13:49:16.861Z] >>> [apiv2][body] POST https://github.com/login/oauth/access_token [stream]
[debug] [2023-04-20T13:49:17.717Z] <<< [apiv2][status] POST https://github.com/login/oauth/access_token 200
[debug] [2023-04-20T13:49:17.717Z] <<< [apiv2][body] POST https://github.com/login/oauth/access_token {"access_token":"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","token_type":"bearer","scope":"read:user,repo"}
[debug] [2023-04-20T13:49:17.742Z] >>> [apiv2][query] GET https://api.github.com/user [none]
[debug] [2023-04-20T13:49:18.485Z] <<< [apiv2][status] GET https://api.github.com/user 200
[debug] [2023-04-20T13:49:18.486Z] <<< [apiv2][body] GET https://api.github.com/user {"login":"Enthay","id":114688004,"node_id":"U_kgDOBtYABA","avatar_url":"https://avatars.githubusercontent.com/u/114688004?v=4","gravatar_id":"","url":"https://api.github.com/users/Enthay","html_url":"https://github.com/Enthay","followers_url":"https://api.github.com/users/Enthay/followers","following_url":"https://api.github.com/users/Enthay/following{/other_user}","gists_url":"https://api.github.com/users/Enthay/gists{/gist_id}","starred_url":"https://api.github.com/users/Enthay/starred{/owner}{/repo}","subscriptions_url":"https://api.github.com/users/Enthay/subscriptions","organizations_url":"https://api.github.com/users/Enthay/orgs","repos_url":"https://api.github.com/users/Enthay/repos","events_url":"https://api.github.com/users/Enthay/events{/privacy}","received_events_url":"https://api.github.com/users/Enthay/received_events","type":"User","site_admin":false,"name":null,"company":null,"blog":"","location":null,"email":null,"hireable":null,"bio":null,"twitter_username":null,"public_repos":1,"public_gists":0,"followers":0,"following":0,"created_at":"2022-09-29T17:05:01Z","updated_at":"2023-02-07T00:27:29Z","private_gists":0,"total_private_repos":0,"owned_private_repos":0,"disk_usage":0,"collaborators":0,"two_factor_authentication":false,"plan":{"name":"free","space":976562499,"collaborators":0,"private_repos":10000}}
[info] 
[info] +  Success! Logged into GitHub as Enthay 
[info] 
